<?xml version="1.0" encoding="UTF-8"?>
<!-- Generated by org.testng.reporters.JUnitReportReporter -->
<testsuite skipped="0" hostname="AC-F1V2ZQ780PX6" name="Runner.Runner" tests="1" failures="0" timestamp="16 Mar 2021 12:00:35 GMT" time="26.856" errors="0">
  <testcase name="feature" time="26.856" classname="Runner.Runner"/>
</testsuite> <!-- Runner.Runner -->
